# JRE version: Java(TM) SE Runtime Environment (8.0_231-b11) (build 1.8.0_231-b11)
# Java VM: Java HotSpot(TM) 64-Bit Server VM (25.231-b11 mixed mode windows-amd64 compressed oops)
Heap:
 PSYoungGen      total 269824K, used 100063K [0x000000076b400000, 0x0000000780c80000, 0x00000007c0000000)
  eden space 257536K, 36% used [0x000000076b400000,0x0000000770fb8748,0x000000077af80000)
  from space 12288K, 49% used [0x0000000780080000,0x000000078067f610,0x0000000780c80000)
  to   space 9216K, 0% used [0x000000077af80000,0x000000077af80000,0x000000077b880000)
 ParOldGen       total 86528K, used 25221K [0x00000006c1c00000, 0x00000006c7080000, 0x000000076b400000)
  object space 86528K, 29% used [0x00000006c1c00000,0x00000006c34a1418,0x00000006c7080000)
 Metaspace       used 48614K, capacity 51270K, committed 51456K, reserved 1093632K
  class space    used 6422K, capacity 6906K, committed 6912K, reserved 1048576K
GC Heap History (10 events):
Event: 6.629 GC heap before
{Heap before GC invocations=10 (full 1):
 PSYoungGen      total 235520K, used 23960K [0x000000076b400000, 0x000000077c180000, 0x00000007c0000000)
  eden space 230400K, 8% used [0x000000076b400000,0x000000076c669600,0x0000000779500000)
  from space 5120K, 99% used [0x000000077bc80000,0x000000077c17cc40,0x000000077c180000)
  to   space 9216K, 0% used [0x000000077af80000,0x000000077af80000,0x000000077b880000)
 ParOldGen       total 86528K, used 15895K [0x00000006c1c00000, 0x00000006c7080000, 0x000000076b400000)
  object space 86528K, 18% used [0x00000006c1c00000,0x00000006c2b85f58,0x00000006c7080000)
 Metaspace       used 34108K, capacity 35362K, committed 35496K, reserved 1079296K
  class space    used 4508K, capacity 4797K, committed 4864K, reserved 1048576K
Event: 6.635 GC heap after
Heap after GC invocations=10 (full 1):
 PSYoungGen      total 266752K, used 5607K [0x000000076b400000, 0x0000000780c80000, 0x00000007c0000000)
  eden space 257536K, 0% used [0x000000076b400000,0x000000076b400000,0x000000077af80000)
  from space 9216K, 60% used [0x000000077af80000,0x000000077b4f9d00,0x000000077b880000)
  to   space 12288K, 0% used [0x0000000780080000,0x0000000780080000,0x0000000780c80000)
 ParOldGen       total 86528K, used 17224K [0x00000006c1c00000, 0x00000006c7080000, 0x000000076b400000)
  object space 86528K, 19% used [0x00000006c1c00000,0x00000006c2cd23e0,0x00000006c7080000)
 Metaspace       used 34108K, capacity 35362K, committed 35496K, reserved 1079296K
  class space    used 4508K, capacity 4797K, committed 4864K, reserved 1048576K
}
Event: 6.635 GC heap before
{Heap before GC invocations=11 (full 2):
 PSYoungGen      total 266752K, used 5607K [0x000000076b400000, 0x0000000780c80000, 0x00000007c0000000)
  eden space 257536K, 0% used [0x000000076b400000,0x000000076b400000,0x000000077af80000)
  from space 9216K, 60% used [0x000000077af80000,0x000000077b4f9d00,0x000000077b880000)
  to   space 12288K, 0% used [0x0000000780080000,0x0000000780080000,0x0000000780c80000)
 ParOldGen       total 86528K, used 17224K [0x00000006c1c00000, 0x00000006c7080000, 0x000000076b400000)
  object space 86528K, 19% used [0x00000006c1c00000,0x00000006c2cd23e0,0x00000006c7080000)
 Metaspace       used 34108K, capacity 35362K, committed 35496K, reserved 1079296K
  class space    used 4508K, capacity 4797K, committed 4864K, reserved 1048576K
Event: 6.684 GC heap after
Heap after GC invocations=11 (full 2):
 PSYoungGen      total 266752K, used 0K [0x000000076b400000, 0x0000000780c80000, 0x00000007c0000000)
  eden space 257536K, 0% used [0x000000076b400000,0x000000076b400000,0x000000077af80000)
  from space 9216K, 0% used [0x000000077af80000,0x000000077af80000,0x000000077b880000)
  to   space 12288K, 0% used [0x0000000780080000,0x0000000780080000,0x0000000780c80000)
 ParOldGen       total 86528K, used 15845K [0x00000006c1c00000, 0x00000006c7080000, 0x000000076b400000)
  object space 86528K, 18% used [0x00000006c1c00000,0x00000006c2b79578,0x00000006c7080000)
 Metaspace       used 34108K, capacity 35362K, committed 35496K, reserved 1079296K
  class space    used 4508K, capacity 4797K, committed 4864K, reserved 1048576K
}
Event: 7.814 GC heap before
{Heap before GC invocations=12 (full 2):
 PSYoungGen      total 266752K, used 257536K [0x000000076b400000, 0x0000000780c80000, 0x00000007c0000000)
  eden space 257536K, 100% used [0x000000076b400000,0x000000077af80000,0x000000077af80000)
  from space 9216K, 0% used [0x000000077af80000,0x000000077af80000,0x000000077b880000)
  to   space 12288K, 0% used [0x0000000780080000,0x0000000780080000,0x0000000780c80000)
 ParOldGen       total 86528K, used 15845K [0x00000006c1c00000, 0x00000006c7080000, 0x000000076b400000)
  object space 86528K, 18% used [0x00000006c1c00000,0x00000006c2b79578,0x00000006c7080000)
 Metaspace       used 39748K, capacity 41582K, committed 41728K, reserved 1085440K
  class space    used 5243K, capacity 5581K, committed 5632K, reserved 1048576K
Event: 7.823 GC heap after
Heap after GC invocations=12 (full 2):
 PSYoungGen      total 269824K, used 8845K [0x000000076b400000, 0x0000000780c80000, 0x00000007c0000000)
  eden space 257536K, 0% used [0x000000076b400000,0x000000076b400000,0x000000077af80000)
  from space 12288K, 71% used [0x0000000780080000,0x00000007809236f0,0x0000000780c80000)
  to   space 9216K, 0% used [0x000000077af80000,0x000000077af80000,0x000000077b880000)
 ParOldGen       total 86528K, used 15853K [0x00000006c1c00000, 0x00000006c7080000, 0x000000076b400000)
  object space 86528K, 18% used [0x00000006c1c00000,0x00000006c2b7b578,0x00000006c7080000)
 Metaspace       used 39748K, capacity 41582K, committed 41728K, reserved 1085440K
  class space    used 5243K, capacity 5581K, committed 5632K, reserved 1048576K
}
Event: 8.997 GC heap before
{Heap before GC invocations=13 (full 2):
 PSYoungGen      total 269824K, used 266381K [0x000000076b400000, 0x0000000780c80000, 0x00000007c0000000)
  eden space 257536K, 100% used [0x000000076b400000,0x000000077af80000,0x000000077af80000)
  from space 12288K, 71% used [0x0000000780080000,0x00000007809236f0,0x0000000780c80000)
  to   space 9216K, 0% used [0x000000077af80000,0x000000077af80000,0x000000077b880000)
 ParOldGen       total 86528K, used 15853K [0x00000006c1c00000, 0x00000006c7080000, 0x000000076b400000)
  object space 86528K, 18% used [0x00000006c1c00000,0x00000006c2b7b578,0x00000006c7080000)
 Metaspace       used 45079K, capacity 47196K, committed 47360K, reserved 1089536K
  class space    used 5963K, capacity 6380K, committed 6400K, reserved 1048576K
Event: 9.006 GC heap after
Heap after GC invocations=13 (full 2):
 PSYoungGen      total 266752K, used 9190K [0x000000076b400000, 0x0000000780c80000, 0x00000007c0000000)
  eden space 257536K, 0% used [0x000000076b400000,0x000000076b400000,0x000000077af80000)
  from space 9216K, 99% used [0x000000077af80000,0x000000077b879a08,0x000000077b880000)
  to   space 12288K, 0% used [0x0000000780080000,0x0000000780080000,0x0000000780c80000)
 ParOldGen       total 86528K, used 19982K [0x00000006c1c00000, 0x00000006c7080000, 0x000000076b400000)
  object space 86528K, 23% used [0x00000006c1c00000,0x00000006c2f83a80,0x00000006c7080000)
 Metaspace       used 45079K, capacity 47196K, committed 47360K, reserved 1089536K
  class space    used 5963K, capacity 6380K, committed 6400K, reserved 1048576K
}
Event: 9.926 GC heap before
{Heap before GC invocations=14 (full 2):
 PSYoungGen      total 266752K, used 266726K [0x000000076b400000, 0x0000000780c80000, 0x00000007c0000000)
  eden space 257536K, 100% used [0x000000076b400000,0x000000077af80000,0x000000077af80000)
  from space 9216K, 99% used [0x000000077af80000,0x000000077b879a08,0x000000077b880000)
  to   space 12288K, 0% used [0x0000000780080000,0x0000000780080000,0x0000000780c80000)
 ParOldGen       total 86528K, used 19982K [0x00000006c1c00000, 0x00000006c7080000, 0x000000076b400000)
  object space 86528K, 23% used [0x00000006c1c00000,0x00000006c2f83a80,0x00000006c7080000)
 Metaspace       used 46809K, capacity 49190K, committed 49408K, reserved 1091584K
  class space    used 6178K, capacity 6633K, committed 6656K, reserved 1048576K
Event: 9.933 GC heap after
Heap after GC invocations=14 (full 2):
 PSYoungGen      total 269824K, used 6141K [0x000000076b400000, 0x0000000780c80000, 0x00000007c0000000)
  eden space 257536K, 0% used [0x000000076b400000,0x000000076b400000,0x000000077af80000)
  from space 12288K, 49% used [0x0000000780080000,0x000000078067f610,0x0000000780c80000)
  to   space 9216K, 0% used [0x000000077af80000,0x000000077af80000,0x000000077b880000)
 ParOldGen       total 86528K, used 25221K [0x00000006c1c00000, 0x00000006c7080000, 0x000000076b400000)
  object space 86528K, 29% used [0x00000006c1c00000,0x00000006c34a1418,0x00000006c7080000)
 Metaspace       used 46809K, capacity 49190K, committed 49408K, reserved 1091584K
  class space    used 6178K, capacity 6633K, committed 6656K, reserved 1048576K
}

