# JRE version: Java(TM) SE Runtime Environment (8.0_231-b11) (build 1.8.0_231-b11)
# Java VM: Java HotSpot(TM) 64-Bit Server VM (25.231-b11 mixed mode windows-amd64 compressed oops)
Heap:
 PSYoungGen      total 621056K, used 12795K [0x000000076b400000, 0x00000007a0300000, 0x00000007c0000000)
  eden space 605184K, 2% used [0x000000076b400000,0x000000076c07efe8,0x0000000790300000)
  from space 15872K, 0% used [0x0000000790300000,0x0000000790300000,0x0000000791280000)
  to   space 22528K, 0% used [0x000000079ed00000,0x000000079ed00000,0x00000007a0300000)
 ParOldGen       total 162816K, used 39314K [0x00000006c1c00000, 0x00000006cbb00000, 0x000000076b400000)
  object space 162816K, 24% used [0x00000006c1c00000,0x00000006c4264b00,0x00000006cbb00000)
 Metaspace       used 56135K, capacity 59064K, committed 59288K, reserved 1099776K
  class space    used 7517K, capacity 8087K, committed 8192K, reserved 1048576K
GC Heap History (10 events):
Event: 15.122 GC heap before
{Heap before GC invocations=10 (full 1):
 PSYoungGen      total 422400K, used 66907K [0x000000076b400000, 0x0000000788200000, 0x00000007c0000000)
  eden space 412160K, 13% used [0x000000076b400000,0x000000076eb5ee68,0x0000000784680000)
  from space 10240K, 99% used [0x0000000785300000,0x0000000785cf8048,0x0000000785d00000)
  to   space 12800K, 0% used [0x0000000784680000,0x0000000784680000,0x0000000785300000)
 ParOldGen       total 83968K, used 10799K [0x00000006c1c00000, 0x00000006c6e00000, 0x000000076b400000)
  object space 83968K, 12% used [0x00000006c1c00000,0x00000006c268bd48,0x00000006c6e00000)
 Metaspace       used 33554K, capacity 35422K, committed 35496K, reserved 1079296K
  class space    used 4452K, capacity 4831K, committed 4864K, reserved 1048576K
Event: 15.129 GC heap after
Heap after GC invocations=10 (full 1):
 PSYoungGen      total 424960K, used 8512K [0x000000076b400000, 0x0000000792200000, 0x00000007c0000000)
  eden space 412160K, 0% used [0x000000076b400000,0x000000076b400000,0x0000000784680000)
  from space 12800K, 66% used [0x0000000784680000,0x0000000784ed02c8,0x0000000785300000)
  to   space 12288K, 0% used [0x0000000791600000,0x0000000791600000,0x0000000792200000)
 ParOldGen       total 83968K, used 12777K [0x00000006c1c00000, 0x00000006c6e00000, 0x000000076b400000)
  object space 83968K, 15% used [0x00000006c1c00000,0x00000006c287a488,0x00000006c6e00000)
 Metaspace       used 33554K, capacity 35422K, committed 35496K, reserved 1079296K
  class space    used 4452K, capacity 4831K, committed 4864K, reserved 1048576K
}
Event: 15.129 GC heap before
{Heap before GC invocations=11 (full 2):
 PSYoungGen      total 424960K, used 8512K [0x000000076b400000, 0x0000000792200000, 0x00000007c0000000)
  eden space 412160K, 0% used [0x000000076b400000,0x000000076b400000,0x0000000784680000)
  from space 12800K, 66% used [0x0000000784680000,0x0000000784ed02c8,0x0000000785300000)
  to   space 12288K, 0% used [0x0000000791600000,0x0000000791600000,0x0000000792200000)
 ParOldGen       total 83968K, used 12777K [0x00000006c1c00000, 0x00000006c6e00000, 0x000000076b400000)
  object space 83968K, 15% used [0x00000006c1c00000,0x00000006c287a488,0x00000006c6e00000)
 Metaspace       used 33554K, capacity 35422K, committed 35496K, reserved 1079296K
  class space    used 4452K, capacity 4831K, committed 4864K, reserved 1048576K
Event: 15.174 GC heap after
Heap after GC invocations=11 (full 2):
 PSYoungGen      total 424960K, used 0K [0x000000076b400000, 0x0000000792200000, 0x00000007c0000000)
  eden space 412160K, 0% used [0x000000076b400000,0x000000076b400000,0x0000000784680000)
  from space 12800K, 0% used [0x0000000784680000,0x0000000784680000,0x0000000785300000)
  to   space 12288K, 0% used [0x0000000791600000,0x0000000791600000,0x0000000792200000)
 ParOldGen       total 113664K, used 16207K [0x00000006c1c00000, 0x00000006c8b00000, 0x000000076b400000)
  object space 113664K, 14% used [0x00000006c1c00000,0x00000006c2bd3f40,0x00000006c8b00000)
 Metaspace       used 33554K, capacity 35422K, committed 35496K, reserved 1079296K
  class space    used 4452K, capacity 4831K, committed 4864K, reserved 1048576K
}
Event: 17.839 GC heap before
{Heap before GC invocations=12 (full 2):
 PSYoungGen      total 424960K, used 412160K [0x000000076b400000, 0x0000000792200000, 0x00000007c0000000)
  eden space 412160K, 100% used [0x000000076b400000,0x0000000784680000,0x0000000784680000)
  from space 12800K, 0% used [0x0000000784680000,0x0000000784680000,0x0000000785300000)
  to   space 12288K, 0% used [0x0000000791600000,0x0000000791600000,0x0000000792200000)
 ParOldGen       total 113664K, used 16207K [0x00000006c1c00000, 0x00000006c8b00000, 0x000000076b400000)
  object space 113664K, 14% used [0x00000006c1c00000,0x00000006c2bd3f40,0x00000006c8b00000)
 Metaspace       used 47515K, capacity 49758K, committed 50048K, reserved 1093632K
  class space    used 6314K, capacity 6740K, committed 6784K, reserved 1048576K
Event: 17.851 GC heap after
Heap after GC invocations=12 (full 2):
 PSYoungGen      total 601600K, used 12287K [0x000000076b400000, 0x0000000792200000, 0x00000007c0000000)
  eden space 589312K, 0% used [0x000000076b400000,0x000000076b400000,0x000000078f380000)
  from space 12288K, 99% used [0x0000000791600000,0x00000007921ffee0,0x0000000792200000)
  to   space 15872K, 0% used [0x0000000790300000,0x0000000790300000,0x0000000791280000)
 ParOldGen       total 113664K, used 22308K [0x00000006c1c00000, 0x00000006c8b00000, 0x000000076b400000)
  object space 113664K, 19% used [0x00000006c1c00000,0x00000006c31c93f8,0x00000006c8b00000)
 Metaspace       used 47515K, capacity 49758K, committed 50048K, reserved 1093632K
  class space    used 6314K, capacity 6740K, committed 6784K, reserved 1048576K
}
Event: 40.729 GC heap before
{Heap before GC invocations=13 (full 2):
 PSYoungGen      total 601600K, used 583771K [0x000000076b400000, 0x0000000792200000, 0x00000007c0000000)
  eden space 589312K, 96% used [0x000000076b400000,0x000000078e216f88,0x000000078f380000)
  from space 12288K, 99% used [0x0000000791600000,0x00000007921ffee0,0x0000000792200000)
  to   space 15872K, 0% used [0x0000000790300000,0x0000000790300000,0x0000000791280000)
 ParOldGen       total 113664K, used 22308K [0x00000006c1c00000, 0x00000006c8b00000, 0x000000076b400000)
  object space 113664K, 19% used [0x00000006c1c00000,0x00000006c31c93f8,0x00000006c8b00000)
 Metaspace       used 56085K, capacity 59032K, committed 59160K, reserved 1099776K
  class space    used 7500K, capacity 8055K, committed 8064K, reserved 1048576K
Event: 40.744 GC heap after
Heap after GC invocations=13 (full 2):
 PSYoungGen      total 621056K, used 15845K [0x000000076b400000, 0x00000007a0300000, 0x00000007c0000000)
  eden space 605184K, 0% used [0x000000076b400000,0x000000076b400000,0x0000000790300000)
  from space 15872K, 99% used [0x0000000790300000,0x0000000791279728,0x0000000791280000)
  to   space 22528K, 0% used [0x000000079ed00000,0x000000079ed00000,0x00000007a0300000)
 ParOldGen       total 113664K, used 34403K [0x00000006c1c00000, 0x00000006c8b00000, 0x000000076b400000)
  object space 113664K, 30% used [0x00000006c1c00000,0x00000006c3d98e10,0x00000006c8b00000)
 Metaspace       used 56085K, capacity 59032K, committed 59160K, reserved 1099776K
  class space    used 7500K, capacity 8055K, committed 8064K, reserved 1048576K
}
Event: 40.744 GC heap before
{Heap before GC invocations=14 (full 3):
 PSYoungGen      total 621056K, used 15845K [0x000000076b400000, 0x00000007a0300000, 0x00000007c0000000)
  eden space 605184K, 0% used [0x000000076b400000,0x000000076b400000,0x0000000790300000)
  from space 15872K, 99% used [0x0000000790300000,0x0000000791279728,0x0000000791280000)
  to   space 22528K, 0% used [0x000000079ed00000,0x000000079ed00000,0x00000007a0300000)
 ParOldGen       total 113664K, used 34403K [0x00000006c1c00000, 0x00000006c8b00000, 0x000000076b400000)
  object space 113664K, 30% used [0x00000006c1c00000,0x00000006c3d98e10,0x00000006c8b00000)
 Metaspace       used 56085K, capacity 59032K, committed 59160K, reserved 1099776K
  class space    used 7500K, capacity 8055K, committed 8064K, reserved 1048576K
Event: 40.894 GC heap after
Heap after GC invocations=14 (full 3):
 PSYoungGen      total 621056K, used 0K [0x000000076b400000, 0x00000007a0300000, 0x00000007c0000000)
  eden space 605184K, 0% used [0x000000076b400000,0x000000076b400000,0x0000000790300000)
  from space 15872K, 0% used [0x0000000790300000,0x0000000790300000,0x0000000791280000)
  to   space 22528K, 0% used [0x000000079ed00000,0x000000079ed00000,0x00000007a0300000)
 ParOldGen       total 162816K, used 39314K [0x00000006c1c00000, 0x00000006cbb00000, 0x000000076b400000)
  object space 162816K, 24% used [0x00000006c1c00000,0x00000006c4264b00,0x00000006cbb00000)
 Metaspace       used 56085K, capacity 59032K, committed 59160K, reserved 1099776K
  class space    used 7500K, capacity 8055K, committed 8064K, reserved 1048576K
}

